<?xml version="1.0" encoding="UTF-8"?>
<testng-results ignored="0" total="1" passed="1" failed="0" skipped="0">
  <reporter-output>
  </reporter-output>
  <suite started-at="2020-08-30T17:43:28 IST" name="Default suite" finished-at="2020-08-30T17:44:42 IST" duration-ms="74446">
    <groups>
    </groups>
    <test started-at="2020-08-30T17:43:28 IST" name="Default test" finished-at="2020-08-30T17:44:42 IST" duration-ms="74446">
      <class name="testClasses.WeatherReportComparator">
        <test-method signature="compareReport()[pri:0, instance:testClasses.WeatherReportComparator@3c9d0b9d]" started-at="2020-08-30T17:43:28 IST" name="compareReport" finished-at="2020-08-30T17:44:42 IST" duration-ms="74373" status="PASS">
          <reporter-output>
          </reporter-output>
        </test-method> <!-- compareReport -->
      </class> <!-- testClasses.WeatherReportComparator -->
    </test> <!-- Default test -->
  </suite> <!-- Default suite -->
</testng-results>
